<?xml version="1.0" encoding="UTF-8"?>
<coverage generated="1670944106637" clover="3.2.0">
  <project timestamp="1670944106637" name="All files">
    <metrics statements="121" coveredstatements="88" conditionals="52" coveredconditionals="28" methods="51" coveredmethods="29" elements="224" coveredelements="145" complexity="0" loc="121" ncloc="121" packages="6" files="14" classes="14"/>
    <package name="assets.photos">
      <metrics statements="1" coveredstatements="1" conditionals="0" coveredconditionals="0" methods="0" coveredmethods="0"/>
      <file name="lastminute_default_photo.jpeg" path="/Users/dermotboyle/LastMinuteHotelSearch/App/assets/photos/lastminute_default_photo.jpeg">
        <metrics statements="1" coveredstatements="1" conditionals="0" coveredconditionals="0" methods="0" coveredmethods="0"/>
        <line num="1" count="1" type="stmt"/>
      </file>
    </package>
    <package name="components">
      <metrics statements="44" coveredstatements="31" conditionals="20" coveredconditionals="13" methods="25" coveredmethods="13"/>
      <file name="FilterModal.tsx" path="/Users/dermotboyle/LastMinuteHotelSearch/App/components/FilterModal.tsx">
        <metrics statements="11" coveredstatements="2" conditionals="6" coveredconditionals="0" methods="7" coveredmethods="0"/>
        <line num="19" count="1" type="stmt"/>
        <line num="21" count="0" type="stmt"/>
        <line num="22" count="0" type="cond" truecount="0" falsecount="2"/>
        <line num="33" count="0" type="stmt"/>
        <line num="34" count="0" type="stmt"/>
        <line num="37" count="0" type="stmt"/>
        <line num="41" count="0" type="stmt"/>
        <line num="44" count="0" type="stmt"/>
        <line num="57" count="0" type="stmt"/>
        <line num="65" count="0" type="stmt"/>
        <line num="71" count="1" type="stmt"/>
      </file>
      <file name="HotelCard.tsx" path="/Users/dermotboyle/LastMinuteHotelSearch/App/components/HotelCard.tsx">
        <metrics statements="12" coveredstatements="12" conditionals="4" coveredconditionals="4" methods="5" coveredmethods="5"/>
        <line num="15" count="1" type="stmt"/>
        <line num="16" count="1" type="stmt"/>
        <line num="17" count="1" type="stmt"/>
        <line num="18" count="1" type="stmt"/>
        <line num="19" count="1" type="stmt"/>
        <line num="21" count="1" type="stmt"/>
        <line num="23" count="30" type="stmt"/>
        <line num="24" count="6" type="stmt"/>
        <line num="26" count="6" type="stmt"/>
        <line num="46" count="21" type="stmt"/>
        <line num="68" count="30" type="cond" truecount="2" falsecount="0"/>
        <line num="89" count="1" type="stmt"/>
      </file>
      <file name="HotelList.tsx" path="/Users/dermotboyle/LastMinuteHotelSearch/App/components/HotelList.tsx">
        <metrics statements="4" coveredstatements="4" conditionals="4" coveredconditionals="3" methods="2" coveredmethods="2"/>
        <line num="10" count="1" type="stmt"/>
        <line num="11" count="3" type="stmt"/>
        <line num="17" count="6" type="stmt"/>
        <line num="28" count="1" type="stmt"/>
      </file>
      <file name="PrimaryButton.tsx" path="/Users/dermotboyle/LastMinuteHotelSearch/App/components/PrimaryButton.tsx">
        <metrics statements="4" coveredstatements="2" conditionals="0" coveredconditionals="0" methods="2" coveredmethods="0"/>
        <line num="9" count="1" type="stmt"/>
        <line num="11" count="0" type="stmt"/>
        <line num="12" count="0" type="stmt"/>
        <line num="18" count="1" type="stmt"/>
      </file>
      <file name="SortModal.tsx" path="/Users/dermotboyle/LastMinuteHotelSearch/App/components/SortModal.tsx">
        <metrics statements="8" coveredstatements="7" conditionals="4" coveredconditionals="4" methods="5" coveredmethods="4"/>
        <line num="24" count="1" type="stmt"/>
        <line num="25" count="3" type="stmt"/>
        <line num="26" count="3" type="stmt"/>
        <line num="27" count="1" type="stmt"/>
        <line num="42" count="3" type="stmt"/>
        <line num="53" count="0" type="stmt"/>
        <line num="63" count="3" type="stmt"/>
        <line num="72" count="1" type="stmt"/>
      </file>
      <file name="UtilityToolbar.tsx" path="/Users/dermotboyle/LastMinuteHotelSearch/App/components/UtilityToolbar.tsx">
        <metrics statements="5" coveredstatements="4" conditionals="2" coveredconditionals="2" methods="4" coveredmethods="2"/>
        <line num="11" count="1" type="stmt"/>
        <line num="12" count="3" type="stmt"/>
        <line num="14" count="1" type="stmt"/>
        <line num="21" count="0" type="stmt"/>
        <line num="39" count="1" type="stmt"/>
      </file>
    </package>
    <package name="domains">
      <metrics statements="44" coveredstatements="36" conditionals="16" coveredconditionals="9" methods="12" coveredmethods="9"/>
      <file name="HotelSearchPage.tsx" path="/Users/dermotboyle/LastMinuteHotelSearch/App/domains/HotelSearchPage.tsx">
        <metrics statements="44" coveredstatements="36" conditionals="16" coveredconditionals="9" methods="12" coveredmethods="9"/>
        <line num="17" count="1" type="stmt"/>
        <line num="19" count="1" type="stmt"/>
        <line num="21" count="3" type="stmt"/>
        <line num="26" count="3" type="stmt"/>
        <line num="31" count="3" type="stmt"/>
        <line num="32" count="3" type="stmt"/>
        <line num="37" count="3" type="stmt"/>
        <line num="38" count="3" type="stmt"/>
        <line num="44" count="3" type="stmt"/>
        <line num="46" count="3" type="stmt"/>
        <line num="47" count="1" type="stmt"/>
        <line num="48" count="1" type="stmt"/>
        <line num="49" count="1" type="stmt"/>
        <line num="58" count="3" type="stmt"/>
        <line num="60" count="1" type="cond" truecount="1" falsecount="1"/>
        <line num="62" count="1" type="stmt"/>
        <line num="63" count="1" type="cond" truecount="1" falsecount="1"/>
        <line num="64" count="1" type="stmt"/>
        <line num="65" count="2" type="stmt"/>
        <line num="67" count="1" type="cond" truecount="1" falsecount="1"/>
        <line num="69" count="1" type="stmt"/>
        <line num="76" count="3" type="stmt"/>
        <line num="77" count="1" type="stmt"/>
        <line num="78" count="2" type="cond" truecount="1" falsecount="1"/>
        <line num="79" count="2" type="stmt"/>
        <line num="93" count="3" type="stmt"/>
        <line num="94" count="0" type="stmt"/>
        <line num="95" count="0" type="stmt"/>
        <line num="108" count="3" type="stmt"/>
        <line num="109" count="1" type="stmt"/>
        <line num="110" count="1" type="stmt"/>
        <line num="117" count="3" type="stmt"/>
        <line num="118" count="0" type="stmt"/>
        <line num="119" count="0" type="stmt"/>
        <line num="127" count="3" type="stmt"/>
        <line num="128" count="0" type="stmt"/>
        <line num="129" count="0" type="stmt"/>
        <line num="132" count="3" type="stmt"/>
        <line num="153" count="3" type="cond" truecount="1" falsecount="1"/>
        <line num="154" count="0" type="stmt"/>
        <line num="157" count="3" type="cond" truecount="1" falsecount="1"/>
        <line num="158" count="0" type="stmt"/>
        <line num="161" count="3" type="stmt"/>
        <line num="192" count="1" type="stmt"/>
      </file>
    </package>
    <package name="queries">
      <metrics statements="7" coveredstatements="2" conditionals="2" coveredconditionals="0" methods="2" coveredmethods="0"/>
      <file name="useHotelList.ts" path="/Users/dermotboyle/LastMinuteHotelSearch/App/queries/useHotelList.ts">
        <metrics statements="7" coveredstatements="2" conditionals="2" coveredconditionals="0" methods="2" coveredmethods="0"/>
        <line num="4" count="1" type="stmt"/>
        <line num="6" count="1" type="stmt"/>
        <line num="7" count="0" type="stmt"/>
        <line num="11" count="0" type="cond" truecount="0" falsecount="2"/>
        <line num="12" count="0" type="stmt"/>
        <line num="15" count="0" type="stmt"/>
        <line num="17" count="0" type="stmt"/>
      </file>
    </package>
    <package name="types">
      <metrics statements="5" coveredstatements="5" conditionals="0" coveredconditionals="0" methods="0" coveredmethods="0"/>
      <file name="FilterTypes.ts" path="/Users/dermotboyle/LastMinuteHotelSearch/App/types/FilterTypes.ts">
        <metrics statements="4" coveredstatements="4" conditionals="0" coveredconditionals="0" methods="0" coveredmethods="0"/>
        <line num="32" count="1" type="stmt"/>
        <line num="37" count="1" type="stmt"/>
        <line num="50" count="1" type="stmt"/>
        <line num="51" count="1" type="stmt"/>
      </file>
      <file name="SortTypes.ts" path="/Users/dermotboyle/LastMinuteHotelSearch/App/types/SortTypes.ts">
        <metrics statements="1" coveredstatements="1" conditionals="0" coveredconditionals="0" methods="0" coveredmethods="0"/>
        <line num="17" count="1" type="stmt"/>
      </file>
    </package>
    <package name="utils">
      <metrics statements="20" coveredstatements="13" conditionals="14" coveredconditionals="6" methods="12" coveredmethods="7"/>
      <file name="currency.ts" path="/Users/dermotboyle/LastMinuteHotelSearch/App/utils/currency.ts">
        <metrics statements="2" coveredstatements="2" conditionals="0" coveredconditionals="0" methods="1" coveredmethods="1"/>
        <line num="5" count="1" type="stmt"/>
        <line num="9" count="6" type="stmt"/>
      </file>
      <file name="filter.ts" path="/Users/dermotboyle/LastMinuteHotelSearch/App/utils/filter.ts">
        <metrics statements="6" coveredstatements="3" conditionals="4" coveredconditionals="2" methods="5" coveredmethods="2"/>
        <line num="4" count="2" type="cond" truecount="2" falsecount="0"/>
        <line num="6" count="1" type="stmt"/>
        <line num="8" count="1" type="stmt"/>
        <line num="9" count="0" type="cond" truecount="0" falsecount="2"/>
        <line num="11" count="0" type="stmt"/>
        <line num="16" count="0" type="stmt"/>
      </file>
      <file name="sort.ts" path="/Users/dermotboyle/LastMinuteHotelSearch/App/utils/sort.ts">
        <metrics statements="12" coveredstatements="8" conditionals="10" coveredconditionals="4" methods="6" coveredmethods="4"/>
        <line num="4" count="1" type="stmt"/>
        <line num="6" count="0" type="cond" truecount="0" falsecount="4"/>
        <line num="7" count="0" type="stmt"/>
        <line num="9" count="0" type="stmt"/>
        <line num="12" count="1" type="stmt"/>
        <line num="14" count="1" type="cond" truecount="3" falsecount="1"/>
        <line num="15" count="0" type="stmt"/>
        <line num="17" count="1" type="stmt"/>
        <line num="20" count="1" type="stmt"/>
        <line num="21" count="3" type="stmt"/>
        <line num="23" count="1" type="cond" truecount="1" falsecount="1"/>
        <line num="25" count="1" type="stmt"/>
      </file>
    </package>
  </project>
</coverage>
