{"/Users/dermotboyle/LastMinuteHotelSearch/App/assets/photos/lastminute_default_photo.jpeg": {"path":"/Users/dermotboyle/LastMinuteHotelSearch/App/assets/photos/lastminute_default_photo.jpeg","statementMap":{"0":{"start":{"line":1,"column":0},"end":{"line":4,"column":6}}},"fnMap":{},"branchMap":{},"s":{"0":1},"f":{},"b":{},"_coverageSchema":"1a1c01bbd47fc00a2c39e90264f33305004495a9","hash":"fd4418d4da32601f4b4f2a13444a8b1213bf5904"}
,"/Users/dermotboyle/LastMinuteHotelSearch/App/components/FilterModal.tsx": {"path":"/Users/dermotboyle/LastMinuteHotelSearch/App/components/FilterModal.tsx","statementMap":{"0":{"start":{"line":19,"column":51},"end":{"line":69,"column":1}},"1":{"start":{"line":21,"column":26},"end":{"line":28,"column":27}},"2":{"start":{"line":22,"column":4},"end":{"line":28,"column":27}},"3":{"start":{"line":33,"column":2},"end":{"line":35,"column":6}},"4":{"start":{"line":34,"column":4},"end":{"line":34,"column":79}},"5":{"start":{"line":37,"column":2},"end":{"line":68,"column":3}},"6":{"start":{"line":41,"column":54},"end":{"line":41,"column":86}},"7":{"start":{"line":44,"column":67},"end":{"line":44,"column":107}},"8":{"start":{"line":57,"column":39},"end":{"line":57,"column":93}},"9":{"start":{"line":65,"column":56},"end":{"line":65,"column":75}},"10":{"start":{"line":71,"column":15},"end":{"line":135,"column":2}}},"fnMap":{"0":{"name":"(anonymous_0)","decl":{"start":{"line":19,"column":51},"end":{"line":19,"column":52}},"loc":{"start":{"line":19,"column":62},"end":{"line":69,"column":1}},"line":19},"1":{"name":"(anonymous_1)","decl":{"start":{"line":21,"column":26},"end":{"line":21,"column":27}},"loc":{"start":{"line":22,"column":4},"end":{"line":28,"column":27}},"line":22},"2":{"name":"(anonymous_2)","decl":{"start":{"line":33,"column":12},"end":{"line":33,"column":13}},"loc":{"start":{"line":34,"column":4},"end":{"line":34,"column":79}},"line":34},"3":{"name":"(anonymous_3)","decl":{"start":{"line":41,"column":48},"end":{"line":41,"column":49}},"loc":{"start":{"line":41,"column":54},"end":{"line":41,"column":86}},"line":41},"4":{"name":"(anonymous_4)","decl":{"start":{"line":44,"column":61},"end":{"line":44,"column":62}},"loc":{"start":{"line":44,"column":67},"end":{"line":44,"column":107}},"line":44},"5":{"name":"(anonymous_5)","decl":{"start":{"line":57,"column":30},"end":{"line":57,"column":31}},"loc":{"start":{"line":57,"column":39},"end":{"line":57,"column":93}},"line":57},"6":{"name":"(anonymous_6)","decl":{"start":{"line":65,"column":50},"end":{"line":65,"column":51}},"loc":{"start":{"line":65,"column":56},"end":{"line":65,"column":75}},"line":65}},"branchMap":{"0":{"loc":{"start":{"line":22,"column":4},"end":{"line":28,"column":27}},"type":"cond-expr","locations":[{"start":{"line":23,"column":8},"end":{"line":27,"column":49}},{"start":{"line":28,"column":8},"end":{"line":28,"column":27}}],"line":22},"1":{"loc":{"start":{"line":23,"column":80},"end":{"line":25,"column":12}},"type":"cond-expr","locations":[{"start":{"line":24,"column":10},"end":{"line":24,"column":47}},{"start":{"line":25,"column":10},"end":{"line":25,"column":12}}],"line":23},"2":{"loc":{"start":{"line":25,"column":15},"end":{"line":27,"column":33}},"type":"cond-expr","locations":[{"start":{"line":26,"column":10},"end":{"line":26,"column":20}},{"start":{"line":27,"column":10},"end":{"line":27,"column":33}}],"line":25}},"s":{"0":1,"1":0,"2":0,"3":0,"4":0,"5":0,"6":0,"7":0,"8":0,"9":0,"10":1},"f":{"0":0,"1":0,"2":0,"3":0,"4":0,"5":0,"6":0},"b":{"0":[0,0],"1":[0,0],"2":[0,0]},"_coverageSchema":"1a1c01bbd47fc00a2c39e90264f33305004495a9","hash":"b6372938eae45a5fdc6a5c62e02fa2d832d3f6e4"}
,"/Users/dermotboyle/LastMinuteHotelSearch/App/components/HotelCard.tsx": {"path":"/Users/dermotboyle/LastMinuteHotelSearch/App/components/HotelCard.tsx","statementMap":{"0":{"start":{"line":15,"column":20},"end":{"line":15,"column":56}},"1":{"start":{"line":16,"column":21},"end":{"line":16,"column":58}},"2":{"start":{"line":17,"column":25},"end":{"line":17,"column":62}},"3":{"start":{"line":18,"column":20},"end":{"line":18,"column":57}},"4":{"start":{"line":19,"column":21},"end":{"line":19,"column":22}},"5":{"start":{"line":21,"column":48},"end":{"line":87,"column":1}},"6":{"start":{"line":23,"column":31},"end":{"line":23,"column":78}},"7":{"start":{"line":23,"column":65},"end":{"line":23,"column":78}},"8":{"start":{"line":24,"column":34},"end":{"line":24,"column":73}},"9":{"start":{"line":24,"column":58},"end":{"line":24,"column":73}},"10":{"start":{"line":26,"column":2},"end":{"line":86,"column":3}},"11":{"start":{"line":46,"column":12},"end":{"line":53,"column":13}},"12":{"start":{"line":68,"column":12},"end":{"line":70,"column":72}},"13":{"start":{"line":89,"column":15},"end":{"line":175,"column":2}}},"fnMap":{"0":{"name":"(anonymous_0)","decl":{"start":{"line":21,"column":48},"end":{"line":21,"column":49}},"loc":{"start":{"line":21,"column":61},"end":{"line":87,"column":1}},"line":21},"1":{"name":"(anonymous_1)","decl":{"start":{"line":23,"column":31},"end":{"line":23,"column":32}},"loc":{"start":{"line":23,"column":65},"end":{"line":23,"column":78}},"line":23},"2":{"name":"(anonymous_2)","decl":{"start":{"line":24,"column":34},"end":{"line":24,"column":35}},"loc":{"start":{"line":24,"column":58},"end":{"line":24,"column":73}},"line":24},"3":{"name":"(anonymous_3)","decl":{"start":{"line":45,"column":40},"end":{"line":45,"column":41}},"loc":{"start":{"line":45,"column":50},"end":{"line":54,"column":11}},"line":45},"4":{"name":"(anonymous_4)","decl":{"start":{"line":67,"column":36},"end":{"line":67,"column":37}},"loc":{"start":{"line":68,"column":12},"end":{"line":70,"column":72}},"line":68}},"branchMap":{"0":{"loc":{"start":{"line":44,"column":9},"end":{"line":61,"column":11}},"type":"cond-expr","locations":[{"start":{"line":45,"column":13},"end":{"line":54,"column":12}},{"start":{"line":56,"column":13},"end":{"line":60,"column":12}}],"line":44},"1":{"loc":{"start":{"line":68,"column":12},"end":{"line":70,"column":72}},"type":"cond-expr","locations":[{"start":{"line":69,"column":16},"end":{"line":69,"column":95}},{"start":{"line":70,"column":16},"end":{"line":70,"column":72}}],"line":68}},"s":{"0":1,"1":1,"2":1,"3":1,"4":1,"5":1,"6":6,"7":30,"8":6,"9":6,"10":6,"11":21,"12":30,"13":1},"f":{"0":6,"1":30,"2":6,"3":21,"4":30},"b":{"0":[3,3],"1":[27,3]},"_coverageSchema":"1a1c01bbd47fc00a2c39e90264f33305004495a9","hash":"1a1cefeb820b30b703c926b2c2c99ea9e1c2a343"}
,"/Users/dermotboyle/LastMinuteHotelSearch/App/components/HotelList.tsx": {"path":"/Users/dermotboyle/LastMinuteHotelSearch/App/components/HotelList.tsx","statementMap":{"0":{"start":{"line":10,"column":44},"end":{"line":26,"column":1}},"1":{"start":{"line":11,"column":2},"end":{"line":25,"column":3}},"2":{"start":{"line":17,"column":37},"end":{"line":17,"column":54}},"3":{"start":{"line":28,"column":15},"end":{"line":52,"column":2}}},"fnMap":{"0":{"name":"(anonymous_0)","decl":{"start":{"line":10,"column":44},"end":{"line":10,"column":45}},"loc":{"start":{"line":10,"column":53},"end":{"line":26,"column":1}},"line":10},"1":{"name":"(anonymous_1)","decl":{"start":{"line":17,"column":24},"end":{"line":17,"column":25}},"loc":{"start":{"line":17,"column":37},"end":{"line":17,"column":54}},"line":17}},"branchMap":{"0":{"loc":{"start":{"line":13,"column":7},"end":{"line":22,"column":15}},"type":"cond-expr","locations":[{"start":{"line":14,"column":10},"end":{"line":18,"column":10}},{"start":{"line":19,"column":10},"end":{"line":22,"column":15}}],"line":13},"1":{"loc":{"start":{"line":13,"column":7},"end":{"line":13,"column":53}},"type":"binary-expr","locations":[{"start":{"line":13,"column":7},"end":{"line":13,"column":23}},{"start":{"line":13,"column":27},"end":{"line":13,"column":53}}],"line":13}},"s":{"0":1,"1":3,"2":6,"3":1},"f":{"0":3,"1":6},"b":{"0":[3,0],"1":[3,3]},"_coverageSchema":"1a1c01bbd47fc00a2c39e90264f33305004495a9","hash":"a08379159aa3f45ec9f940c4317effd26f350fd7"}
,"/Users/dermotboyle/LastMinuteHotelSearch/App/components/PrimaryButton.tsx": {"path":"/Users/dermotboyle/LastMinuteHotelSearch/App/components/PrimaryButton.tsx","statementMap":{"0":{"start":{"line":9,"column":52},"end":{"line":16,"column":1}},"1":{"start":{"line":11,"column":2},"end":{"line":15,"column":3}},"2":{"start":{"line":12,"column":30},"end":{"line":12,"column":49}},"3":{"start":{"line":18,"column":15},"end":{"line":33,"column":2}}},"fnMap":{"0":{"name":"(anonymous_0)","decl":{"start":{"line":9,"column":52},"end":{"line":9,"column":53}},"loc":{"start":{"line":9,"column":63},"end":{"line":16,"column":1}},"line":9},"1":{"name":"(anonymous_1)","decl":{"start":{"line":12,"column":24},"end":{"line":12,"column":25}},"loc":{"start":{"line":12,"column":30},"end":{"line":12,"column":49}},"line":12}},"branchMap":{},"s":{"0":1,"1":0,"2":0,"3":1},"f":{"0":0,"1":0},"b":{},"_coverageSchema":"1a1c01bbd47fc00a2c39e90264f33305004495a9","hash":"1bb38a905630b54bb0154a1bdee0fffa68f6f23b"}
,"/Users/dermotboyle/LastMinuteHotelSearch/App/components/SortModal.tsx": {"path":"/Users/dermotboyle/LastMinuteHotelSearch/App/components/SortModal.tsx","statementMap":{"0":{"start":{"line":24,"column":44},"end":{"line":70,"column":1}},"1":{"start":{"line":25,"column":52},"end":{"line":40,"column":3}},"2":{"start":{"line":26,"column":4},"end":{"line":39,"column":5}},"3":{"start":{"line":27,"column":32},"end":{"line":27,"column":70}},"4":{"start":{"line":42,"column":2},"end":{"line":69,"column":3}},"5":{"start":{"line":53,"column":29},"end":{"line":53,"column":58}},"6":{"start":{"line":63,"column":36},"end":{"line":63,"column":46}},"7":{"start":{"line":72,"column":15},"end":{"line":134,"column":2}}},"fnMap":{"0":{"name":"(anonymous_0)","decl":{"start":{"line":24,"column":44},"end":{"line":24,"column":45}},"loc":{"start":{"line":24,"column":53},"end":{"line":70,"column":1}},"line":24},"1":{"name":"(anonymous_1)","decl":{"start":{"line":25,"column":52},"end":{"line":25,"column":53}},"loc":{"start":{"line":25,"column":64},"end":{"line":40,"column":3}},"line":25},"2":{"name":"(anonymous_2)","decl":{"start":{"line":27,"column":26},"end":{"line":27,"column":27}},"loc":{"start":{"line":27,"column":32},"end":{"line":27,"column":70}},"line":27},"3":{"name":"(anonymous_3)","decl":{"start":{"line":53,"column":23},"end":{"line":53,"column":24}},"loc":{"start":{"line":53,"column":29},"end":{"line":53,"column":58}},"line":53},"4":{"name":"(anonymous_4)","decl":{"start":{"line":63,"column":28},"end":{"line":63,"column":29}},"loc":{"start":{"line":63,"column":36},"end":{"line":63,"column":46}},"line":63}},"branchMap":{"0":{"loc":{"start":{"line":31,"column":12},"end":{"line":31,"column":71}},"type":"binary-expr","locations":[{"start":{"line":31,"column":12},"end":{"line":31,"column":32}},{"start":{"line":31,"column":36},"end":{"line":31,"column":71}}],"line":31},"1":{"loc":{"start":{"line":34,"column":11},"end":{"line":36,"column":11}},"type":"binary-expr","locations":[{"start":{"line":34,"column":11},"end":{"line":34,"column":59}},{"start":{"line":35,"column":12},"end":{"line":35,"column":76}}],"line":34}},"s":{"0":1,"1":3,"2":3,"3":1,"4":3,"5":0,"6":3,"7":1},"f":{"0":3,"1":3,"2":1,"3":0,"4":3},"b":{"0":[3,1],"1":[3,1]},"_coverageSchema":"1a1c01bbd47fc00a2c39e90264f33305004495a9","hash":"ef086fea30b654f6db6e794e8a26995e22b314d2"}
,"/Users/dermotboyle/LastMinuteHotelSearch/App/components/UtilityToolbar.tsx": {"path":"/Users/dermotboyle/LastMinuteHotelSearch/App/components/UtilityToolbar.tsx","statementMap":{"0":{"start":{"line":11,"column":49},"end":{"line":35,"column":1}},"1":{"start":{"line":12,"column":2},"end":{"line":34,"column":3}},"2":{"start":{"line":14,"column":66},"end":{"line":14,"column":94}},"3":{"start":{"line":21,"column":103},"end":{"line":21,"column":134}},"4":{"start":{"line":39,"column":22},"end":{"line":77,"column":2}}},"fnMap":{"0":{"name":"(anonymous_0)","decl":{"start":{"line":11,"column":49},"end":{"line":11,"column":50}},"loc":{"start":{"line":11,"column":58},"end":{"line":35,"column":1}},"line":11},"1":{"name":"(anonymous_1)","decl":{"start":{"line":14,"column":60},"end":{"line":14,"column":61}},"loc":{"start":{"line":14,"column":66},"end":{"line":14,"column":94}},"line":14},"2":{"name":"(anonymous_2)","decl":{"start":{"line":21,"column":97},"end":{"line":21,"column":98}},"loc":{"start":{"line":21,"column":103},"end":{"line":21,"column":134}},"line":21},"3":{"name":"(anonymous_3)","decl":{"start":{"line":27,"column":61},"end":{"line":27,"column":62}},"loc":{"start":{"line":27,"column":67},"end":{"line":27,"column":69}},"line":27}},"branchMap":{"0":{"loc":{"start":{"line":16,"column":11},"end":{"line":16,"column":76}},"type":"binary-expr","locations":[{"start":{"line":16,"column":11},"end":{"line":16,"column":31}},{"start":{"line":16,"column":35},"end":{"line":16,"column":76}}],"line":16}},"s":{"0":1,"1":3,"2":1,"3":0,"4":1},"f":{"0":3,"1":1,"2":0,"3":0},"b":{"0":[3,1]},"_coverageSchema":"1a1c01bbd47fc00a2c39e90264f33305004495a9","hash":"fa2e04c0c1fd997342d9128153df7a9b8e3e44af"}
,"/Users/dermotboyle/LastMinuteHotelSearch/App/domains/HotelSearchPage.tsx": {"path":"/Users/dermotboyle/LastMinuteHotelSearch/App/domains/HotelSearchPage.tsx","statementMap":{"0":{"start":{"line":17,"column":42},"end":{"line":17,"column":93}},"1":{"start":{"line":19,"column":24},"end":{"line":190,"column":1}},"2":{"start":{"line":21,"column":37},"end":{"line":21,"column":51}},"3":{"start":{"line":26,"column":44},"end":{"line":26,"column":81}},"4":{"start":{"line":31,"column":46},"end":{"line":31,"column":70}},"5":{"start":{"line":32,"column":58},"end":{"line":32,"column":110}},"6":{"start":{"line":37,"column":52},"end":{"line":37,"column":76}},"7":{"start":{"line":38,"column":56},"end":{"line":38,"column":95}},"8":{"start":{"line":44,"column":30},"end":{"line":44,"column":69}},"9":{"start":{"line":46,"column":32},"end":{"line":50,"column":3}},"10":{"start":{"line":47,"column":4},"end":{"line":47,"column":32}},"11":{"start":{"line":48,"column":4},"end":{"line":48,"column":27}},"12":{"start":{"line":49,"column":4},"end":{"line":49,"column":30}},"13":{"start":{"line":58,"column":22},"end":{"line":70,"column":3}},"14":{"start":{"line":60,"column":4},"end":{"line":60,"column":81}},"15":{"start":{"line":60,"column":15},"end":{"line":60,"column":81}},"16":{"start":{"line":62,"column":23},"end":{"line":62,"column":34}},"17":{"start":{"line":63,"column":21},"end":{"line":63,"column":48}},"18":{"start":{"line":64,"column":20},"end":{"line":64,"column":107}},"19":{"start":{"line":64,"column":55},"end":{"line":64,"column":106}},"20":{"start":{"line":65,"column":27},"end":{"line":65,"column":96}},"21":{"start":{"line":65,"column":53},"end":{"line":65,"column":95}},"22":{"start":{"line":65,"column":80},"end":{"line":65,"column":94}},"23":{"start":{"line":67,"column":4},"end":{"line":67,"column":100}},"24":{"start":{"line":67,"column":25},"end":{"line":67,"column":100}},"25":{"start":{"line":69,"column":4},"end":{"line":69,"column":52}},"26":{"start":{"line":76,"column":19},"end":{"line":81,"column":20}},"27":{"start":{"line":77,"column":4},"end":{"line":81,"column":9}},"28":{"start":{"line":78,"column":6},"end":{"line":80,"column":7}},"29":{"start":{"line":79,"column":8},"end":{"line":79,"column":23}},"30":{"start":{"line":93,"column":39},"end":{"line":96,"column":3}},"31":{"start":{"line":94,"column":4},"end":{"line":94,"column":61}},"32":{"start":{"line":95,"column":4},"end":{"line":95,"column":31}},"33":{"start":{"line":108,"column":40},"end":{"line":111,"column":3}},"34":{"start":{"line":109,"column":4},"end":{"line":109,"column":62}},"35":{"start":{"line":110,"column":4},"end":{"line":110,"column":31}},"36":{"start":{"line":117,"column":31},"end":{"line":120,"column":3}},"37":{"start":{"line":118,"column":4},"end":{"line":118,"column":62}},"38":{"start":{"line":119,"column":4},"end":{"line":119,"column":31}},"39":{"start":{"line":127,"column":43},"end":{"line":130,"column":3}},"40":{"start":{"line":128,"column":4},"end":{"line":128,"column":73}},"41":{"start":{"line":129,"column":4},"end":{"line":129,"column":71}},"42":{"start":{"line":132,"column":37},"end":{"line":151,"column":3}},"43":{"start":{"line":153,"column":2},"end":{"line":155,"column":3}},"44":{"start":{"line":154,"column":4},"end":{"line":154,"column":38}},"45":{"start":{"line":157,"column":2},"end":{"line":159,"column":3}},"46":{"start":{"line":158,"column":4},"end":{"line":158,"column":34}},"47":{"start":{"line":161,"column":2},"end":{"line":189,"column":3}},"48":{"start":{"line":192,"column":15},"end":{"line":196,"column":2}}},"fnMap":{"0":{"name":"(anonymous_0)","decl":{"start":{"line":19,"column":24},"end":{"line":19,"column":25}},"loc":{"start":{"line":19,"column":30},"end":{"line":190,"column":1}},"line":19},"1":{"name":"(anonymous_1)","decl":{"start":{"line":46,"column":32},"end":{"line":46,"column":33}},"loc":{"start":{"line":46,"column":57},"end":{"line":50,"column":3}},"line":46},"2":{"name":"(anonymous_2)","decl":{"start":{"line":58,"column":22},"end":{"line":58,"column":23}},"loc":{"start":{"line":58,"column":49},"end":{"line":70,"column":3}},"line":58},"3":{"name":"(anonymous_3)","decl":{"start":{"line":64,"column":43},"end":{"line":64,"column":44}},"loc":{"start":{"line":64,"column":55},"end":{"line":64,"column":106}},"line":64},"4":{"name":"(anonymous_4)","decl":{"start":{"line":65,"column":46},"end":{"line":65,"column":47}},"loc":{"start":{"line":65,"column":53},"end":{"line":65,"column":95}},"line":65},"5":{"name":"(anonymous_5)","decl":{"start":{"line":65,"column":67},"end":{"line":65,"column":68}},"loc":{"start":{"line":65,"column":80},"end":{"line":65,"column":94}},"line":65},"6":{"name":"(anonymous_6)","decl":{"start":{"line":76,"column":27},"end":{"line":76,"column":28}},"loc":{"start":{"line":77,"column":4},"end":{"line":81,"column":9}},"line":77},"7":{"name":"(anonymous_7)","decl":{"start":{"line":77,"column":14},"end":{"line":77,"column":15}},"loc":{"start":{"line":77,"column":32},"end":{"line":81,"column":5}},"line":77},"8":{"name":"(anonymous_8)","decl":{"start":{"line":93,"column":39},"end":{"line":93,"column":40}},"loc":{"start":{"line":93,"column":120},"end":{"line":96,"column":3}},"line":93},"9":{"name":"(anonymous_9)","decl":{"start":{"line":108,"column":40},"end":{"line":108,"column":41}},"loc":{"start":{"line":108,"column":121},"end":{"line":111,"column":3}},"line":108},"10":{"name":"(anonymous_10)","decl":{"start":{"line":117,"column":31},"end":{"line":117,"column":32}},"loc":{"start":{"line":117,"column":112},"end":{"line":120,"column":3}},"line":117},"11":{"name":"(anonymous_11)","decl":{"start":{"line":127,"column":43},"end":{"line":127,"column":44}},"loc":{"start":{"line":127,"column":49},"end":{"line":130,"column":3}},"line":127}},"branchMap":{"0":{"loc":{"start":{"line":60,"column":4},"end":{"line":60,"column":81}},"type":"if","locations":[{"start":{"line":60,"column":4},"end":{"line":60,"column":81}},{"start":{},"end":{}}],"line":60},"1":{"loc":{"start":{"line":63,"column":21},"end":{"line":63,"column":48}},"type":"binary-expr","locations":[{"start":{"line":63,"column":21},"end":{"line":63,"column":25}},{"start":{"line":63,"column":29},"end":{"line":63,"column":48}}],"line":63},"2":{"loc":{"start":{"line":67,"column":4},"end":{"line":67,"column":100}},"type":"if","locations":[{"start":{"line":67,"column":4},"end":{"line":67,"column":100}},{"start":{},"end":{}}],"line":67},"3":{"loc":{"start":{"line":78,"column":6},"end":{"line":80,"column":7}},"type":"if","locations":[{"start":{"line":78,"column":6},"end":{"line":80,"column":7}},{"start":{},"end":{}}],"line":78},"4":{"loc":{"start":{"line":153,"column":2},"end":{"line":155,"column":3}},"type":"if","locations":[{"start":{"line":153,"column":2},"end":{"line":155,"column":3}},{"start":{},"end":{}}],"line":153},"5":{"loc":{"start":{"line":157,"column":2},"end":{"line":159,"column":3}},"type":"if","locations":[{"start":{"line":157,"column":2},"end":{"line":159,"column":3}},{"start":{},"end":{}}],"line":157},"6":{"loc":{"start":{"line":163,"column":7},"end":{"line":177,"column":10}},"type":"cond-expr","locations":[{"start":{"line":164,"column":10},"end":{"line":172,"column":10}},{"start":{"line":173,"column":10},"end":{"line":177,"column":10}}],"line":163},"7":{"loc":{"start":{"line":179,"column":28},"end":{"line":179,"column":71}},"type":"cond-expr","locations":[{"start":{"line":179,"column":52},"end":{"line":179,"column":64}},{"start":{"line":179,"column":67},"end":{"line":179,"column":71}}],"line":179}},"s":{"0":1,"1":1,"2":3,"3":3,"4":3,"5":3,"6":3,"7":3,"8":3,"9":3,"10":1,"11":1,"12":1,"13":3,"14":1,"15":0,"16":1,"17":1,"18":1,"19":1,"20":1,"21":2,"22":2,"23":1,"24":0,"25":1,"26":3,"27":1,"28":2,"29":2,"30":3,"31":0,"32":0,"33":3,"34":1,"35":1,"36":3,"37":0,"38":0,"39":3,"40":0,"41":0,"42":3,"43":3,"44":0,"45":3,"46":0,"47":3,"48":1},"f":{"0":3,"1":1,"2":1,"3":1,"4":2,"5":2,"6":1,"7":2,"8":0,"9":1,"10":0,"11":0},"b":{"0":[0,1],"1":[1,0],"2":[0,1],"3":[2,0],"4":[0,3],"5":[0,3],"6":[0,3],"7":[1,2]},"_coverageSchema":"1a1c01bbd47fc00a2c39e90264f33305004495a9","hash":"d7b943945fb4c998e88d1604e180aeb09463d6e7"}
,"/Users/dermotboyle/LastMinuteHotelSearch/App/queries/useHotelList.ts": {"path":"/Users/dermotboyle/LastMinuteHotelSearch/App/queries/useHotelList.ts","statementMap":{"0":{"start":{"line":4,"column":28},"end":{"line":4,"column":90}},"1":{"start":{"line":4,"column":34},"end":{"line":4,"column":90}},"2":{"start":{"line":6,"column":18},"end":{"line":18,"column":1}},"3":{"start":{"line":7,"column":14},"end":{"line":9,"column":3}},"4":{"start":{"line":11,"column":2},"end":{"line":13,"column":3}},"5":{"start":{"line":12,"column":4},"end":{"line":12,"column":84}},"6":{"start":{"line":15,"column":15},"end":{"line":15,"column":31}},"7":{"start":{"line":17,"column":2},"end":{"line":17,"column":13}}},"fnMap":{"0":{"name":"(anonymous_0)","decl":{"start":{"line":4,"column":28},"end":{"line":4,"column":29}},"loc":{"start":{"line":4,"column":34},"end":{"line":4,"column":90}},"line":4},"1":{"name":"(anonymous_1)","decl":{"start":{"line":6,"column":18},"end":{"line":6,"column":19}},"loc":{"start":{"line":6,"column":30},"end":{"line":18,"column":1}},"line":6}},"branchMap":{"0":{"loc":{"start":{"line":11,"column":2},"end":{"line":13,"column":3}},"type":"if","locations":[{"start":{"line":11,"column":2},"end":{"line":13,"column":3}},{"start":{},"end":{}}],"line":11}},"s":{"0":1,"1":0,"2":1,"3":0,"4":0,"5":0,"6":0,"7":0},"f":{"0":0,"1":0},"b":{"0":[0,0]},"_coverageSchema":"1a1c01bbd47fc00a2c39e90264f33305004495a9","hash":"b4b9a8d5921ae44188b9106bdd9112dd278b1621"}
,"/Users/dermotboyle/LastMinuteHotelSearch/App/types/FilterTypes.ts": {"path":"/Users/dermotboyle/LastMinuteHotelSearch/App/types/FilterTypes.ts","statementMap":{"0":{"start":{"line":32,"column":53},"end":{"line":35,"column":1}},"1":{"start":{"line":37,"column":62},"end":{"line":48,"column":1}},"2":{"start":{"line":50,"column":25},"end":{"line":50,"column":26}},"3":{"start":{"line":51,"column":25},"end":{"line":51,"column":29}}},"fnMap":{},"branchMap":{},"s":{"0":1,"1":1,"2":1,"3":1},"f":{},"b":{},"_coverageSchema":"1a1c01bbd47fc00a2c39e90264f33305004495a9","hash":"49206e6cb35a6a0f03326e6f326a8957244b2f8e"}
,"/Users/dermotboyle/LastMinuteHotelSearch/App/types/SortTypes.ts": {"path":"/Users/dermotboyle/LastMinuteHotelSearch/App/types/SortTypes.ts","statementMap":{"0":{"start":{"line":17,"column":35},"end":{"line":21,"column":1}}},"fnMap":{},"branchMap":{},"s":{"0":1},"f":{},"b":{},"_coverageSchema":"1a1c01bbd47fc00a2c39e90264f33305004495a9","hash":"7c78e2e4b17973af12284962023834443ba5fb20"}
,"/Users/dermotboyle/LastMinuteHotelSearch/App/utils/currency.ts": {"path":"/Users/dermotboyle/LastMinuteHotelSearch/App/utils/currency.ts","statementMap":{"0":{"start":{"line":5,"column":62},"end":{"line":7,"column":1}},"1":{"start":{"line":9,"column":42},"end":{"line":9,"column":125}},"2":{"start":{"line":9,"column":81},"end":{"line":9,"column":125}}},"fnMap":{"0":{"name":"(anonymous_0)","decl":{"start":{"line":9,"column":42},"end":{"line":9,"column":43}},"loc":{"start":{"line":9,"column":81},"end":{"line":9,"column":125}},"line":9}},"branchMap":{},"s":{"0":1,"1":1,"2":6},"f":{"0":6},"b":{},"_coverageSchema":"1a1c01bbd47fc00a2c39e90264f33305004495a9","hash":"4b101dc46824e7f156cc299eef370a647dc0fccd"}
,"/Users/dermotboyle/LastMinuteHotelSearch/App/utils/filter.ts": {"path":"/Users/dermotboyle/LastMinuteHotelSearch/App/utils/filter.ts","statementMap":{"0":{"start":{"line":4,"column":30},"end":{"line":4,"column":144}},"1":{"start":{"line":4,"column":57},"end":{"line":4,"column":144}},"2":{"start":{"line":4,"column":82},"end":{"line":4,"column":144}},"3":{"start":{"line":6,"column":29},"end":{"line":6,"column":93}},"4":{"start":{"line":6,"column":48},"end":{"line":6,"column":93}},"5":{"start":{"line":6,"column":72},"end":{"line":6,"column":93}},"6":{"start":{"line":8,"column":23},"end":{"line":21,"column":1}},"7":{"start":{"line":9,"column":2},"end":{"line":20,"column":3}},"8":{"start":{"line":11,"column":6},"end":{"line":14,"column":7}},"9":{"start":{"line":16,"column":6},"end":{"line":19,"column":7}}},"fnMap":{"0":{"name":"(anonymous_0)","decl":{"start":{"line":4,"column":30},"end":{"line":4,"column":31}},"loc":{"start":{"line":4,"column":57},"end":{"line":4,"column":144}},"line":4},"1":{"name":"(anonymous_1)","decl":{"start":{"line":4,"column":57},"end":{"line":4,"column":58}},"loc":{"start":{"line":4,"column":82},"end":{"line":4,"column":144}},"line":4},"2":{"name":"(anonymous_2)","decl":{"start":{"line":6,"column":29},"end":{"line":6,"column":30}},"loc":{"start":{"line":6,"column":48},"end":{"line":6,"column":93}},"line":6},"3":{"name":"(anonymous_3)","decl":{"start":{"line":6,"column":48},"end":{"line":6,"column":49}},"loc":{"start":{"line":6,"column":72},"end":{"line":6,"column":93}},"line":6},"4":{"name":"(anonymous_4)","decl":{"start":{"line":8,"column":23},"end":{"line":8,"column":24}},"loc":{"start":{"line":8,"column":88},"end":{"line":21,"column":1}},"line":8}},"branchMap":{"0":{"loc":{"start":{"line":4,"column":82},"end":{"line":4,"column":144}},"type":"binary-expr","locations":[{"start":{"line":4,"column":82},"end":{"line":4,"column":111}},{"start":{"line":4,"column":115},"end":{"line":4,"column":144}}],"line":4},"1":{"loc":{"start":{"line":9,"column":2},"end":{"line":20,"column":3}},"type":"switch","locations":[{"start":{"line":10,"column":4},"end":{"line":14,"column":7}},{"start":{"line":15,"column":4},"end":{"line":19,"column":7}}],"line":9}},"s":{"0":1,"1":1,"2":2,"3":1,"4":0,"5":0,"6":1,"7":0,"8":0,"9":0},"f":{"0":1,"1":2,"2":0,"3":0,"4":0},"b":{"0":[2,2],"1":[0,0]},"_coverageSchema":"1a1c01bbd47fc00a2c39e90264f33305004495a9","hash":"586d7eb25cf7caef1f0682d6c4c70ee02a9e9af0"}
,"/Users/dermotboyle/LastMinuteHotelSearch/App/utils/sort.ts": {"path":"/Users/dermotboyle/LastMinuteHotelSearch/App/utils/sort.ts","statementMap":{"0":{"start":{"line":4,"column":35},"end":{"line":10,"column":1}},"1":{"start":{"line":6,"column":2},"end":{"line":8,"column":3}},"2":{"start":{"line":7,"column":4},"end":{"line":7,"column":15}},"3":{"start":{"line":9,"column":2},"end":{"line":9,"column":57}},"4":{"start":{"line":9,"column":41},"end":{"line":9,"column":56}},"5":{"start":{"line":12,"column":36},"end":{"line":18,"column":1}},"6":{"start":{"line":14,"column":2},"end":{"line":16,"column":3}},"7":{"start":{"line":15,"column":4},"end":{"line":15,"column":15}},"8":{"start":{"line":17,"column":2},"end":{"line":17,"column":57}},"9":{"start":{"line":17,"column":41},"end":{"line":17,"column":56}},"10":{"start":{"line":20,"column":25},"end":{"line":26,"column":1}},"11":{"start":{"line":21,"column":23},"end":{"line":21,"column":96}},"12":{"start":{"line":21,"column":56},"end":{"line":21,"column":95}},"13":{"start":{"line":23,"column":2},"end":{"line":23,"column":84}},"14":{"start":{"line":23,"column":21},"end":{"line":23,"column":84}},"15":{"start":{"line":25,"column":2},"end":{"line":25,"column":84}}},"fnMap":{"0":{"name":"(anonymous_0)","decl":{"start":{"line":4,"column":35},"end":{"line":4,"column":36}},"loc":{"start":{"line":5,"column":28},"end":{"line":10,"column":1}},"line":5},"1":{"name":"(anonymous_1)","decl":{"start":{"line":9,"column":31},"end":{"line":9,"column":32}},"loc":{"start":{"line":9,"column":41},"end":{"line":9,"column":56}},"line":9},"2":{"name":"(anonymous_2)","decl":{"start":{"line":12,"column":36},"end":{"line":12,"column":37}},"loc":{"start":{"line":13,"column":29},"end":{"line":18,"column":1}},"line":13},"3":{"name":"(anonymous_3)","decl":{"start":{"line":17,"column":31},"end":{"line":17,"column":32}},"loc":{"start":{"line":17,"column":41},"end":{"line":17,"column":56}},"line":17},"4":{"name":"(anonymous_4)","decl":{"start":{"line":20,"column":25},"end":{"line":20,"column":26}},"loc":{"start":{"line":20,"column":125},"end":{"line":26,"column":1}},"line":20},"5":{"name":"(anonymous_5)","decl":{"start":{"line":21,"column":40},"end":{"line":21,"column":41}},"loc":{"start":{"line":21,"column":56},"end":{"line":21,"column":95}},"line":21}},"branchMap":{"0":{"loc":{"start":{"line":6,"column":2},"end":{"line":8,"column":3}},"type":"if","locations":[{"start":{"line":6,"column":2},"end":{"line":8,"column":3}},{"start":{},"end":{}}],"line":6},"1":{"loc":{"start":{"line":6,"column":6},"end":{"line":6,"column":24}},"type":"binary-expr","locations":[{"start":{"line":6,"column":6},"end":{"line":6,"column":16}},{"start":{"line":6,"column":20},"end":{"line":6,"column":24}}],"line":6},"2":{"loc":{"start":{"line":14,"column":2},"end":{"line":16,"column":3}},"type":"if","locations":[{"start":{"line":14,"column":2},"end":{"line":16,"column":3}},{"start":{},"end":{}}],"line":14},"3":{"loc":{"start":{"line":14,"column":6},"end":{"line":14,"column":24}},"type":"binary-expr","locations":[{"start":{"line":14,"column":6},"end":{"line":14,"column":16}},{"start":{"line":14,"column":20},"end":{"line":14,"column":24}}],"line":14},"4":{"loc":{"start":{"line":23,"column":2},"end":{"line":23,"column":84}},"type":"if","locations":[{"start":{"line":23,"column":2},"end":{"line":23,"column":84}},{"start":{},"end":{}}],"line":23}},"s":{"0":1,"1":0,"2":0,"3":0,"4":0,"5":1,"6":1,"7":0,"8":1,"9":1,"10":1,"11":1,"12":3,"13":1,"14":0,"15":1},"f":{"0":0,"1":0,"2":1,"3":1,"4":1,"5":3},"b":{"0":[0,0],"1":[0,0],"2":[0,1],"3":[1,1],"4":[0,1]},"_coverageSchema":"1a1c01bbd47fc00a2c39e90264f33305004495a9","hash":"8d6ea25df1ad1d7d22c038b50b0480451c98f56c"}
}
