TN:
SF:App/assets/photos/lastminute_default_photo.jpeg
FNF:0
FNH:0
DA:1,1
LF:1
LH:1
BRF:0
BRH:0
end_of_record
TN:
SF:App/components/FilterModal.tsx
FN:19,(anonymous_0)
FN:21,(anonymous_1)
FN:33,(anonymous_2)
FN:41,(anonymous_3)
FN:44,(anonymous_4)
FN:57,(anonymous_5)
FN:65,(anonymous_6)
FNF:7
FNH:0
FNDA:0,(anonymous_0)
FNDA:0,(anonymous_1)
FNDA:0,(anonymous_2)
FNDA:0,(anonymous_3)
FNDA:0,(anonymous_4)
FNDA:0,(anonymous_5)
FNDA:0,(anonymous_6)
DA:19,1
DA:21,0
DA:22,0
DA:33,0
DA:34,0
DA:37,0
DA:41,0
DA:44,0
DA:57,0
DA:65,0
DA:71,1
LF:11
LH:2
BRDA:22,0,0,0
BRDA:22,0,1,0
BRDA:23,1,0,0
BRDA:23,1,1,0
BRDA:25,2,0,0
BRDA:25,2,1,0
BRF:6
BRH:0
end_of_record
TN:
SF:App/components/HotelCard.tsx
FN:21,(anonymous_0)
FN:23,(anonymous_1)
FN:24,(anonymous_2)
FN:45,(anonymous_3)
FN:67,(anonymous_4)
FNF:5
FNH:5
FNDA:6,(anonymous_0)
FNDA:30,(anonymous_1)
FNDA:6,(anonymous_2)
FNDA:21,(anonymous_3)
FNDA:30,(anonymous_4)
DA:15,1
DA:16,1
DA:17,1
DA:18,1
DA:19,1
DA:21,1
DA:23,30
DA:24,6
DA:26,6
DA:46,21
DA:68,30
DA:89,1
LF:12
LH:12
BRDA:44,0,0,3
BRDA:44,0,1,3
BRDA:68,1,0,27
BRDA:68,1,1,3
BRF:4
BRH:4
end_of_record
TN:
SF:App/components/HotelList.tsx
FN:10,(anonymous_0)
FN:17,(anonymous_1)
FNF:2
FNH:2
FNDA:3,(anonymous_0)
FNDA:6,(anonymous_1)
DA:10,1
DA:11,3
DA:17,6
DA:28,1
LF:4
LH:4
BRDA:13,0,0,3
BRDA:13,0,1,0
BRDA:13,1,0,3
BRDA:13,1,1,3
BRF:4
BRH:3
end_of_record
TN:
SF:App/components/PrimaryButton.tsx
FN:9,(anonymous_0)
FN:12,(anonymous_1)
FNF:2
FNH:0
FNDA:0,(anonymous_0)
FNDA:0,(anonymous_1)
DA:9,1
DA:11,0
DA:12,0
DA:18,1
LF:4
LH:2
BRF:0
BRH:0
end_of_record
TN:
SF:App/components/SortModal.tsx
FN:24,(anonymous_0)
FN:25,(anonymous_1)
FN:27,(anonymous_2)
FN:53,(anonymous_3)
FN:63,(anonymous_4)
FNF:5
FNH:4
FNDA:3,(anonymous_0)
FNDA:3,(anonymous_1)
FNDA:1,(anonymous_2)
FNDA:0,(anonymous_3)
FNDA:3,(anonymous_4)
DA:24,1
DA:25,3
DA:26,3
DA:27,1
DA:42,3
DA:53,0
DA:63,3
DA:72,1
LF:8
LH:7
BRDA:31,0,0,3
BRDA:31,0,1,1
BRDA:34,1,0,3
BRDA:34,1,1,1
BRF:4
BRH:4
end_of_record
TN:
SF:App/components/UtilityToolbar.tsx
FN:11,(anonymous_0)
FN:14,(anonymous_1)
FN:21,(anonymous_2)
FN:27,(anonymous_3)
FNF:4
FNH:2
FNDA:3,(anonymous_0)
FNDA:1,(anonymous_1)
FNDA:0,(anonymous_2)
FNDA:0,(anonymous_3)
DA:11,1
DA:12,3
DA:14,1
DA:21,0
DA:39,1
LF:5
LH:4
BRDA:16,0,0,3
BRDA:16,0,1,1
BRF:2
BRH:2
end_of_record
TN:
SF:App/domains/HotelSearchPage.tsx
FN:19,(anonymous_0)
FN:46,(anonymous_1)
FN:58,(anonymous_2)
FN:64,(anonymous_3)
FN:65,(anonymous_4)
FN:65,(anonymous_5)
FN:76,(anonymous_6)
FN:77,(anonymous_7)
FN:93,(anonymous_8)
FN:108,(anonymous_9)
FN:117,(anonymous_10)
FN:127,(anonymous_11)
FNF:12
FNH:9
FNDA:3,(anonymous_0)
FNDA:1,(anonymous_1)
FNDA:1,(anonymous_2)
FNDA:1,(anonymous_3)
FNDA:2,(anonymous_4)
FNDA:2,(anonymous_5)
FNDA:1,(anonymous_6)
FNDA:2,(anonymous_7)
FNDA:0,(anonymous_8)
FNDA:1,(anonymous_9)
FNDA:0,(anonymous_10)
FNDA:0,(anonymous_11)
DA:17,1
DA:19,1
DA:21,3
DA:26,3
DA:31,3
DA:32,3
DA:37,3
DA:38,3
DA:44,3
DA:46,3
DA:47,1
DA:48,1
DA:49,1
DA:58,3
DA:60,1
DA:62,1
DA:63,1
DA:64,1
DA:65,2
DA:67,1
DA:69,1
DA:76,3
DA:77,1
DA:78,2
DA:79,2
DA:93,3
DA:94,0
DA:95,0
DA:108,3
DA:109,1
DA:110,1
DA:117,3
DA:118,0
DA:119,0
DA:127,3
DA:128,0
DA:129,0
DA:132,3
DA:153,3
DA:154,0
DA:157,3
DA:158,0
DA:161,3
DA:192,1
LF:44
LH:36
BRDA:60,0,0,0
BRDA:60,0,1,1
BRDA:63,1,0,1
BRDA:63,1,1,0
BRDA:67,2,0,0
BRDA:67,2,1,1
BRDA:78,3,0,2
BRDA:78,3,1,0
BRDA:153,4,0,0
BRDA:153,4,1,3
BRDA:157,5,0,0
BRDA:157,5,1,3
BRDA:163,6,0,0
BRDA:163,6,1,3
BRDA:179,7,0,1
BRDA:179,7,1,2
BRF:16
BRH:9
end_of_record
TN:
SF:App/queries/useHotelList.ts
FN:4,(anonymous_0)
FN:6,(anonymous_1)
FNF:2
FNH:0
FNDA:0,(anonymous_0)
FNDA:0,(anonymous_1)
DA:4,1
DA:6,1
DA:7,0
DA:11,0
DA:12,0
DA:15,0
DA:17,0
LF:7
LH:2
BRDA:11,0,0,0
BRDA:11,0,1,0
BRF:2
BRH:0
end_of_record
TN:
SF:App/types/FilterTypes.ts
FNF:0
FNH:0
DA:32,1
DA:37,1
DA:50,1
DA:51,1
LF:4
LH:4
BRF:0
BRH:0
end_of_record
TN:
SF:App/types/SortTypes.ts
FNF:0
FNH:0
DA:17,1
LF:1
LH:1
BRF:0
BRH:0
end_of_record
TN:
SF:App/utils/currency.ts
FN:9,(anonymous_0)
FNF:1
FNH:1
FNDA:6,(anonymous_0)
DA:5,1
DA:9,6
LF:2
LH:2
BRF:0
BRH:0
end_of_record
TN:
SF:App/utils/filter.ts
FN:4,(anonymous_0)
FN:4,(anonymous_1)
FN:6,(anonymous_2)
FN:6,(anonymous_3)
FN:8,(anonymous_4)
FNF:5
FNH:2
FNDA:1,(anonymous_0)
FNDA:2,(anonymous_1)
FNDA:0,(anonymous_2)
FNDA:0,(anonymous_3)
FNDA:0,(anonymous_4)
DA:4,2
DA:6,1
DA:8,1
DA:9,0
DA:11,0
DA:16,0
LF:6
LH:3
BRDA:4,0,0,2
BRDA:4,0,1,2
BRDA:9,1,0,0
BRDA:9,1,1,0
BRF:4
BRH:2
end_of_record
TN:
SF:App/utils/sort.ts
FN:4,(anonymous_0)
FN:9,(anonymous_1)
FN:12,(anonymous_2)
FN:17,(anonymous_3)
FN:20,(anonymous_4)
FN:21,(anonymous_5)
FNF:6
FNH:4
FNDA:0,(anonymous_0)
FNDA:0,(anonymous_1)
FNDA:1,(anonymous_2)
FNDA:1,(anonymous_3)
FNDA:1,(anonymous_4)
FNDA:3,(anonymous_5)
DA:4,1
DA:6,0
DA:7,0
DA:9,0
DA:12,1
DA:14,1
DA:15,0
DA:17,1
DA:20,1
DA:21,3
DA:23,1
DA:25,1
LF:12
LH:8
BRDA:6,0,0,0
BRDA:6,0,1,0
BRDA:6,1,0,0
BRDA:6,1,1,0
BRDA:14,2,0,0
BRDA:14,2,1,1
BRDA:14,3,0,1
BRDA:14,3,1,1
BRDA:23,4,0,0
BRDA:23,4,1,1
BRF:10
BRH:4
end_of_record
